<?xml version="1.0" encoding="UTF-8"?>
<!-- Generated by org.testng.reporters.JUnitXMLReporter -->
<testsuite hostname="DESKTOP-IS2JCJD" name="Default test" tests="2" failures="0" timestamp="13 Dec 2021 08:59:33 GMT" time="41.222" errors="0">
  <testcase name="ConvertLeadToOpertunitiesBySelectingOrganisationAndOpertunityTheChekboxsAndFeelAllTheMandatoryFields" time="13.157" classname="com.vtiger.SDET26.testcases.ConvertLeadToOppurtunityBySelectingOppurtunityCheckBoxTest"/>
  <testcase name="ConvertLeadToOppurtunityBySelectingOppurtunityCheckBoxTest" time="11.856" classname="com.vtiger.SDET26.testcases.ConvertLeadToOppurtunityBySelectingOppurtunityCheckBoxTest"/>
</testsuite> <!-- Default test -->
