<?xml version="1.0" encoding="UTF-8"?>
<!-- Generated by org.testng.reporters.JUnitXMLReporter -->
<testsuite hostname="DESKTOP-IS2JCJD" name="Test1" tests="2" failures="0" timestamp="6 Dec 2021 12:10:09 GMT" time="49.882" errors="0">
  <testcase name="CreateContact" time="21.922" classname="com.crm.SDET26.PomAndUtility.CreateContactTestTest"/>
  <testcase name="CreateContactWithSupportDateTest" time="12.108" classname="com.crm.SDET26.PomAndUtility.CreateContactTestTest"/>
</testsuite> <!-- Test1 -->
