<?xml version="1.0" encoding="UTF-8"?>
<!-- Generated by org.testng.reporters.JUnitXMLReporter -->
<testsuite hostname="DESKTOP-IS2JCJD" name="Test2" tests="2" failures="0" timestamp="6 Dec 2021 12:10:16 GMT" time="57.07" errors="0">
  <testcase name="CreateContact" time="12.112" classname="com.crm.SDET26.PomAndUtility.CreateContactTestTest"/>
  <testcase name="CreateContactWithSupportDateTest" time="10.703" classname="com.crm.SDET26.PomAndUtility.CreateContactTestTest"/>
</testsuite> <!-- Test2 -->
