<?xml version="1.0" encoding="UTF-8"?>
<testng-results skipped="0" failed="0" total="1" passed="1">
  <reporter-output>
  </reporter-output>
  <suite name="Suite" duration-ms="18709" started-at="2021-12-13T09:00:33Z" finished-at="2021-12-13T09:00:52Z">
    <groups>
      <group name="ST">
        <method signature="ConvertLeadToOppurtunityBySelectingOppurtunityCheckBoxTest.ConvertLeadToOppurtunityBySelectingOppurtunityCheckBoxTest()[pri:0, instance:com.vtiger.SDET26.testcases.ConvertLeadToOppurtunityBySelectingOppurtunityCheckBoxTest@3ffc5af1]" name="ConvertLeadToOppurtunityBySelectingOppurtunityCheckBoxTest" class="com.vtiger.SDET26.testcases.ConvertLeadToOppurtunityBySelectingOppurtunityCheckBoxTest"/>
      </group> <!-- ST -->
    </groups>
    <test name="Test" duration-ms="18709" started-at="2021-12-13T09:00:33Z" finished-at="2021-12-13T09:00:52Z">
      <class name="com.vtiger.SDET26.testcases.ConvertLeadToOppurtunityBySelectingOppurtunityCheckBoxTest">
        <test-method status="PASS" signature="openDBConnection()[pri:0, instance:com.vtiger.SDET26.testcases.ConvertLeadToOppurtunityBySelectingOppurtunityCheckBoxTest@3ffc5af1]" name="openDBConnection" is-config="true" duration-ms="16" started-at="2021-12-13T14:30:33Z" finished-at="2021-12-13T14:30:33Z">
          <reporter-output>
          </reporter-output>
        </test-method> <!-- openDBConnection -->
        <test-method status="PASS" signature="launchBrowser()[pri:0, instance:com.vtiger.SDET26.testcases.ConvertLeadToOppurtunityBySelectingOppurtunityCheckBoxTest@3ffc5af1]" name="launchBrowser" is-config="true" duration-ms="4119" started-at="2021-12-13T14:30:33Z" finished-at="2021-12-13T14:30:38Z">
          <reporter-output>
          </reporter-output>
        </test-method> <!-- launchBrowser -->
        <test-method status="PASS" signature="loginToApp()[pri:0, instance:com.vtiger.SDET26.testcases.ConvertLeadToOppurtunityBySelectingOppurtunityCheckBoxTest@3ffc5af1]" name="loginToApp" is-config="true" duration-ms="2418" started-at="2021-12-13T14:30:38Z" finished-at="2021-12-13T14:30:40Z">
          <reporter-output>
          </reporter-output>
        </test-method> <!-- loginToApp -->
        <test-method status="PASS" signature="ConvertLeadToOppurtunityBySelectingOppurtunityCheckBoxTest()[pri:0, instance:com.vtiger.SDET26.testcases.ConvertLeadToOppurtunityBySelectingOppurtunityCheckBoxTest@3ffc5af1]" name="ConvertLeadToOppurtunityBySelectingOppurtunityCheckBoxTest" duration-ms="9240" started-at="2021-12-13T14:30:40Z" finished-at="2021-12-13T14:30:49Z">
          <reporter-output>
          </reporter-output>
        </test-method> <!-- ConvertLeadToOppurtunityBySelectingOppurtunityCheckBoxTest -->
        <test-method status="PASS" signature="logoutToApp()[pri:0, instance:com.vtiger.SDET26.testcases.ConvertLeadToOppurtunityBySelectingOppurtunityCheckBoxTest@3ffc5af1]" name="logoutToApp" is-config="true" duration-ms="1305" started-at="2021-12-13T14:30:49Z" finished-at="2021-12-13T14:30:51Z">
          <reporter-output>
          </reporter-output>
        </test-method> <!-- logoutToApp -->
        <test-method status="PASS" signature="closeTheBrowser()[pri:0, instance:com.vtiger.SDET26.testcases.ConvertLeadToOppurtunityBySelectingOppurtunityCheckBoxTest@3ffc5af1]" name="closeTheBrowser" is-config="true" duration-ms="1613" started-at="2021-12-13T14:30:51Z" finished-at="2021-12-13T14:30:52Z">
          <reporter-output>
          </reporter-output>
        </test-method> <!-- closeTheBrowser -->
        <test-method status="PASS" signature="closeDBConnection()[pri:0, instance:com.vtiger.SDET26.testcases.ConvertLeadToOppurtunityBySelectingOppurtunityCheckBoxTest@3ffc5af1]" name="closeDBConnection" is-config="true" duration-ms="0" started-at="2021-12-13T14:30:52Z" finished-at="2021-12-13T14:30:52Z">
          <reporter-output>
          </reporter-output>
        </test-method> <!-- closeDBConnection -->
      </class> <!-- com.vtiger.SDET26.testcases.ConvertLeadToOppurtunityBySelectingOppurtunityCheckBoxTest -->
    </test> <!-- Test -->
  </suite> <!-- Suite -->
</testng-results>
